<?xml version="1.0" ?>
<coverage branch-rate="0.4881" branches-covered="370" branches-valid="758" complexity="0" line-rate="0.5423" lines-covered="1205" lines-valid="2222" timestamp="1582933609489" version="5.0.3">
	<!-- Generated by coverage.py: https://coverage.readthedocs.io -->
	<!-- Based on https://raw.githubusercontent.com/cobertura/web/master/htdocs/xml/coverage-04.dtd -->
	<sources>
		<source>/data/Documents/inaf/tasks/Agilepy</source>
	</sources>
	<packages>
		<package branch-rate="0.7351" complexity="0" line-rate="0.8021" name="agilepy.api">
			<classes>
				<class branch-rate="0.4737" complexity="0" filename="agilepy/api/AGAnalysis.py" line-rate="0.5864" name="AGAnalysis.py">
					<methods/>
					<lines>
						<line hits="1" number="28"/>
						<line hits="1" number="29"/>
						<line hits="1" number="30"/>
						<line hits="1" number="31"/>
						<line hits="1" number="32"/>
						<line hits="1" number="33"/>
						<line hits="1" number="34"/>
						<line hits="1" number="35"/>
						<line hits="1" number="37"/>
						<line hits="1" number="39"/>
						<line hits="1" number="40"/>
						<line hits="1" number="42"/>
						<line hits="1" number="43"/>
						<line hits="1" number="44"/>
						<line hits="1" number="45"/>
						<line hits="1" number="46"/>
						<line hits="1" number="52"/>
						<line hits="1" number="67"/>
						<line hits="1" number="86"/>
						<line hits="1" number="88"/>
						<line hits="1" number="90"/>
						<line branch="true" condition-coverage="50% (1/2)" hits="1" missing-branches="93" number="92"/>
						<line hits="0" number="93"/>
						<line hits="1" number="95"/>
						<line hits="1" number="97"/>
						<line hits="1" number="99"/>
						<line branch="true" condition-coverage="50% (1/2)" hits="1" missing-branches="105" number="101"/>
						<line hits="1" number="103"/>
						<line hits="1" number="105"/>
						<line branch="true" condition-coverage="50% (1/2)" hits="1" missing-branches="108" number="107"/>
						<line hits="0" number="108"/>
						<line branch="true" condition-coverage="50% (1/2)" hits="1" missing-branches="111" number="110"/>
						<line hits="0" number="111"/>
						<line hits="1" number="113"/>
						<line hits="1" number="115"/>
						<line hits="1" number="116"/>
						<line hits="1" number="123"/>
						<line hits="1" number="149"/>
						<line hits="1" number="151"/>
						<line hits="0" number="166"/>
						<line hits="1" number="168"/>
						<line hits="0" number="177"/>
						<line hits="1" number="179"/>
						<line branch="true" condition-coverage="50% (1/2)" hits="1" missing-branches="194" number="192"/>
						<line hits="0" number="194"/>
						<line branch="true" condition-coverage="100% (2/2)" hits="1" number="197"/>
						<line hits="1" number="199"/>
						<line hits="1" number="201"/>
						<line hits="1" number="203"/>
						<line hits="1" number="205"/>
						<line branch="true" condition-coverage="100% (2/2)" hits="1" number="207"/>
						<line hits="1" number="208"/>
						<line hits="1" number="209"/>
						<line hits="1" number="210"/>
						<line hits="1" number="211"/>
						<line hits="1" number="212"/>
						<line hits="1" number="213"/>
						<line hits="1" number="214"/>
						<line hits="1" number="215"/>
						<line hits="1" number="217"/>
						<line hits="1" number="219"/>
						<line hits="1" number="234"/>
						<line hits="1" number="236"/>
						<line hits="1" number="251"/>
						<line hits="1" number="253"/>
						<line hits="1" number="268"/>
						<line hits="1" number="270"/>
						<line hits="1" number="287"/>
						<line branch="true" condition-coverage="50% (1/2)" hits="1" missing-branches="292" number="289"/>
						<line hits="1" number="290"/>
						<line hits="1" number="292"/>
						<line hits="1" number="298"/>
						<line hits="1" number="317"/>
						<line branch="true" condition-coverage="50% (1/2)" hits="1" missing-branches="320" number="319"/>
						<line hits="0" number="320"/>
						<line hits="1" number="322"/>
						<line hits="1" number="325"/>
						<line hits="1" number="326"/>
						<line hits="1" number="328"/>
						<line hits="1" number="329"/>
						<line hits="1" number="331"/>
						<line hits="1" number="333"/>
						<line hits="1" number="335"/>
						<line hits="1" number="336"/>
						<line branch="true" condition-coverage="100% (2/2)" hits="1" number="338"/>
						<line branch="true" condition-coverage="50% (1/2)" hits="1" missing-branches="341" number="340"/>
						<line hits="0" number="341"/>
						<line hits="0" number="342"/>
						<line hits="0" number="343"/>
						<line hits="1" number="345"/>
						<line branch="true" condition-coverage="100% (2/2)" hits="1" number="348"/>
						<line branch="true" condition-coverage="50% (1/2)" hits="1" missing-branches="409" number="350"/>
						<line hits="1" number="352"/>
						<line hits="1" number="353"/>
						<line hits="1" number="355"/>
						<line hits="1" number="356"/>
						<line hits="1" number="357"/>
						<line hits="1" number="359"/>
						<line hits="1" number="362"/>
						<line hits="1" number="363"/>
						<line hits="1" number="364"/>
						<line hits="1" number="365"/>
						<line hits="1" number="368"/>
						<line hits="1" number="369"/>
						<line hits="1" number="370"/>
						<line hits="1" number="371"/>
						<line hits="1" number="373"/>
						<line hits="1" number="374"/>
						<line hits="1" number="375"/>
						<line hits="1" number="376"/>
						<line hits="1" number="378"/>
						<line branch="true" condition-coverage="50% (1/2)" hits="1" missing-branches="385" number="380"/>
						<line hits="0" number="385"/>
						<line hits="1" number="387"/>
						<line hits="1" number="388"/>
						<line hits="1" number="390"/>
						<line hits="1" number="391"/>
						<line hits="1" number="393"/>
						<line hits="1" number="394"/>
						<line hits="1" number="396"/>
						<line hits="1" number="397"/>
						<line hits="1" number="400"/>
						<line hits="0" number="409"/>
						<line hits="1" number="412"/>
						<line branch="true" condition-coverage="100% (2/2)" hits="1" number="413"/>
						<line hits="1" number="414"/>
						<line hits="1" number="416"/>
						<line hits="1" number="418"/>
						<line hits="1" number="420"/>
						<line hits="1" number="422"/>
						<line hits="1" number="424"/>
						<line hits="0" number="436"/>
						<line hits="0" number="438"/>
						<line hits="0" number="440"/>
						<line branch="true" condition-coverage="0% (0/2)" hits="0" missing-branches="443,446" number="442"/>
						<line hits="0" number="443"/>
						<line hits="0" number="444"/>
						<line hits="0" number="446"/>
						<line hits="0" number="447"/>
						<line hits="0" number="448"/>
						<line hits="0" number="449"/>
						<line hits="0" number="450"/>
						<line hits="0" number="451"/>
						<line hits="0" number="454"/>
						<line branch="true" condition-coverage="0% (0/2)" hits="0" missing-branches="456,458" number="455"/>
						<line hits="0" number="456"/>
						<line hits="0" number="458"/>
						<line hits="0" number="459"/>
						<line hits="0" number="460"/>
						<line hits="0" number="462"/>
						<line hits="0" number="464"/>
						<line hits="0" number="467"/>
						<line branch="true" condition-coverage="0% (0/2)" hits="0" missing-branches="471,474" number="470"/>
						<line hits="0" number="471"/>
						<line hits="0" number="474"/>
						<line hits="0" number="477"/>
						<line hits="0" number="478"/>
						<line hits="0" number="479"/>
						<line hits="0" number="482"/>
						<line hits="0" number="484"/>
						<line hits="0" number="486"/>
						<line hits="0" number="488"/>
						<line hits="1" number="490"/>
						<line hits="1" number="517"/>
						<line branch="true" condition-coverage="50% (1/2)" hits="1" missing-branches="520" number="519"/>
						<line hits="0" number="520"/>
						<line hits="1" number="522"/>
						<line branch="true" condition-coverage="50% (1/2)" hits="1" missing-branches="526" number="524"/>
						<line hits="0" number="526"/>
						<line branch="true" condition-coverage="100% (2/2)" hits="1" number="529"/>
						<line hits="1" number="531"/>
						<line hits="1" number="533"/>
						<line hits="1" number="535"/>
						<line hits="1" number="536"/>
						<line hits="1" number="538"/>
						<line hits="1" number="540"/>
						<line hits="1" number="541"/>
						<line hits="1" number="544"/>
						<line hits="1" number="546"/>
						<line branch="true" condition-coverage="50% (1/2)" hits="1" missing-branches="549" number="548"/>
						<line hits="0" number="549"/>
						<line hits="1" number="551"/>
						<line branch="true" condition-coverage="50% (1/2)" hits="1" missing-branches="562" number="553"/>
						<line branch="true" condition-coverage="100% (2/2)" hits="1" number="555"/>
						<line hits="1" number="557"/>
						<line hits="1" number="559"/>
						<line hits="1" number="562"/>
						<line hits="1" number="564"/>
						<line hits="1" number="566"/>
						<line hits="0" number="576"/>
						<line hits="0" number="578"/>
						<line hits="0" number="579"/>
						<line hits="0" number="580"/>
						<line branch="true" condition-coverage="0% (0/2)" hits="0" missing-branches="583,586" number="582"/>
						<line hits="0" number="583"/>
						<line hits="0" number="584"/>
						<line hits="0" number="586"/>
						<line hits="0" number="587"/>
						<line branch="true" condition-coverage="0% (0/2)" hits="0" missing-branches="exit,590" number="589"/>
						<line hits="0" number="590"/>
						<line hits="0" number="591"/>
						<line hits="0" number="593"/>
						<line hits="0" number="595"/>
						<line hits="0" number="597"/>
						<line hits="0" number="599"/>
						<line hits="0" number="600"/>
						<line hits="0" number="601"/>
						<line hits="0" number="603"/>
						<line branch="true" condition-coverage="0% (0/2)" hits="0" missing-branches="607,635" number="605"/>
						<line hits="0" number="607"/>
						<line hits="0" number="609"/>
						<line hits="0" number="610"/>
						<line hits="0" number="612"/>
						<line hits="0" number="614"/>
						<line hits="0" number="615"/>
						<line hits="0" number="616"/>
						<line hits="0" number="635"/>
						<line hits="0" number="637"/>
						<line hits="0" number="639"/>
						<line hits="0" number="640"/>
						<line hits="0" number="642"/>
						<line hits="0" number="644"/>
						<line hits="0" number="646"/>
						<line hits="1" number="648"/>
						<line hits="0" number="651"/>
						<line hits="0" number="653"/>
						<line branch="true" condition-coverage="0% (0/2)" hits="0" missing-branches="657,673" number="655"/>
						<line hits="0" number="657"/>
						<line hits="0" number="659"/>
						<line branch="true" condition-coverage="0% (0/2)" hits="0" missing-branches="655,663" number="661"/>
						<line hits="0" number="663"/>
						<line branch="true" condition-coverage="0% (0/2)" hits="0" missing-branches="661,667" number="665"/>
						<line hits="0" number="667"/>
						<line hits="0" number="669"/>
						<line hits="0" number="671"/>
						<line hits="0" number="673"/>
						<line hits="0" number="674"/>
						<line hits="1" number="680"/>
						<line hits="0" number="686"/>
						<line hits="1" number="688"/>
						<line hits="0" number="704"/>
						<line hits="1" number="706"/>
						<line hits="1" number="730"/>
						<line hits="1" number="732"/>
						<line hits="0" number="738"/>
						<line hits="1" number="740"/>
						<line hits="1" number="798"/>
						<line hits="1" number="800"/>
						<line hits="0" number="810"/>
						<line hits="1" number="812"/>
						<line hits="0" number="840"/>
						<line hits="1" number="842"/>
						<line hits="0" number="851"/>
						<line hits="1" number="853"/>
						<line hits="1" number="871"/>
						<line hits="1" number="873"/>
						<line hits="0" number="884"/>
						<line hits="1" number="886"/>
						<line hits="0" number="900"/>
						<line hits="1" number="909"/>
						<line hits="1" number="912"/>
						<line hits="1" number="913"/>
						<line hits="1" number="914"/>
						<line hits="1" number="916"/>
						<line hits="1" number="917"/>
						<line hits="1" number="918"/>
						<line hits="1" number="919"/>
						<line hits="1" number="920"/>
						<line hits="1" number="924"/>
						<line hits="1" number="926"/>
						<line hits="0" number="928"/>
						<line hits="0" number="930"/>
						<line branch="true" condition-coverage="0% (0/2)" hits="0" missing-branches="exit,936" number="934"/>
						<line hits="0" number="936"/>
						<line hits="0" number="938"/>
						<line hits="0" number="939"/>
						<line hits="0" number="941"/>
						<line hits="0" number="943"/>
						<line hits="0" number="944"/>
						<line hits="0" number="945"/>
						<line hits="1" number="947"/>
						<line hits="0" number="948"/>
						<line hits="0" number="949"/>
						<line hits="0" number="950"/>
						<line branch="true" condition-coverage="0% (0/2)" hits="0" missing-branches="953,956" number="952"/>
						<line hits="0" number="953"/>
						<line hits="0" number="954"/>
						<line hits="0" number="956"/>
						<line hits="1" number="958"/>
						<line hits="0" number="960"/>
						<line hits="0" number="962"/>
						<line hits="0" number="963"/>
						<line hits="0" number="964"/>
						<line hits="0" number="965"/>
						<line hits="0" number="966"/>
						<line hits="0" number="967"/>
						<line hits="0" number="969"/>
						<line hits="1" number="971"/>
						<line branch="true" condition-coverage="0% (0/2)" hits="0" missing-branches="exit,975" number="973"/>
						<line hits="0" number="975"/>
						<line hits="0" number="977"/>
						<line hits="0" number="978"/>
						<line hits="0" number="980"/>
						<line hits="1" number="982"/>
						<line branch="true" condition-coverage="50% (1/2)" hits="1" missing-branches="985" number="984"/>
						<line hits="0" number="985"/>
						<line hits="0" number="986"/>
						<line branch="true" condition-coverage="50% (1/2)" hits="1" missing-branches="989" number="988"/>
						<line hits="0" number="989"/>
						<line hits="1" number="991"/>
						<line hits="1" number="993"/>
						<line branch="true" condition-coverage="100% (2/2)" hits="1" number="994"/>
						<line hits="1" number="996"/>
						<line hits="1" number="997"/>
						<line hits="1" number="998"/>
						<line hits="1" number="1000"/>
						<line branch="true" condition-coverage="100% (2/2)" hits="1" number="1002"/>
						<line hits="1" number="1003"/>
						<line branch="true" condition-coverage="100% (2/2)" hits="1" number="1005"/>
						<line hits="1" number="1006"/>
						<line hits="1" number="1009"/>
						<line hits="1" number="1011"/>
						<line hits="1" number="1013"/>
						<line hits="1" number="1015"/>
					</lines>
				</class>
				<class branch-rate="0.75" complexity="0" filename="agilepy/api/AGEng.py" line-rate="0.9539" name="AGEng.py">
					<methods/>
					<lines>
						<line hits="1" number="28"/>
						<line hits="1" number="29"/>
						<line hits="1" number="30"/>
						<line hits="1" number="31"/>
						<line hits="1" number="32"/>
						<line hits="1" number="33"/>
						<line hits="1" number="34"/>
						<line hits="1" number="35"/>
						<line hits="1" number="36"/>
						<line hits="1" number="38"/>
						<line hits="1" number="39"/>
						<line hits="1" number="40"/>
						<line hits="1" number="41"/>
						<line hits="1" number="42"/>
						<line hits="1" number="44"/>
						<line hits="1" number="56"/>
						<line hits="1" number="68"/>
						<line hits="1" number="70"/>
						<line hits="1" number="72"/>
						<line hits="1" number="74"/>
						<line hits="1" number="76"/>
						<line hits="1" number="78"/>
						<line hits="1" number="80"/>
						<line hits="1" number="83"/>
						<line hits="1" number="110"/>
						<line hits="1" number="112"/>
						<line hits="1" number="113"/>
						<line branch="true" condition-coverage="50% (1/2)" hits="1" missing-branches="118" number="115"/>
						<line hits="1" number="116"/>
						<line hits="1" number="118"/>
						<line hits="1" number="120"/>
						<line hits="1" number="145"/>
						<line branch="true" condition-coverage="50% (1/2)" hits="1" missing-branches="150" number="147"/>
						<line hits="1" number="148"/>
						<line branch="true" condition-coverage="50% (1/2)" hits="1" missing-branches="151" number="150"/>
						<line hits="0" number="151"/>
						<line branch="true" condition-coverage="50% (1/2)" hits="1" missing-branches="159" number="153"/>
						<line hits="1" number="154"/>
						<line hits="1" number="156"/>
						<line hits="0" number="159"/>
						<line hits="0" number="160"/>
						<line branch="true" condition-coverage="50% (1/2)" hits="1" missing-branches="163" number="162"/>
						<line hits="0" number="163"/>
						<line hits="0" number="164"/>
						<line hits="1" number="166"/>
						<line hits="1" number="168"/>
						<line hits="1" number="170"/>
						<line hits="1" number="172"/>
						<line branch="true" condition-coverage="50% (1/2)" hits="1" missing-branches="175" number="174"/>
						<line hits="0" number="175"/>
						<line hits="0" number="176"/>
						<line hits="1" number="179"/>
						<line hits="1" number="180"/>
						<line hits="1" number="181"/>
						<line hits="1" number="183"/>
						<line hits="1" number="184"/>
						<line hits="1" number="185"/>
						<line hits="1" number="186"/>
						<line hits="1" number="188"/>
						<line branch="true" condition-coverage="100% (2/2)" hits="1" number="190"/>
						<line hits="1" number="192"/>
						<line hits="1" number="194"/>
						<line branch="true" condition-coverage="100% (2/2)" hits="1" number="196"/>
						<line hits="1" number="197"/>
						<line hits="1" number="199"/>
						<line hits="1" number="202"/>
						<line branch="true" condition-coverage="100% (2/2)" hits="1" number="204"/>
						<line hits="1" number="205"/>
						<line hits="1" number="206"/>
						<line hits="1" number="207"/>
						<line hits="1" number="208"/>
						<line hits="1" number="210"/>
						<line hits="1" number="211"/>
						<line hits="1" number="212"/>
						<line hits="1" number="214"/>
						<line hits="1" number="217"/>
						<line hits="1" number="218"/>
						<line hits="1" number="220"/>
						<line hits="1" number="221"/>
						<line hits="1" number="223"/>
						<line hits="1" number="224"/>
						<line hits="1" number="241"/>
						<line hits="1" number="242"/>
						<line hits="1" number="243"/>
						<line branch="true" condition-coverage="50% (1/2)" hits="1" missing-branches="256" number="246"/>
						<line hits="1" number="248"/>
						<line hits="1" number="249"/>
						<line hits="1" number="250"/>
						<line hits="1" number="251"/>
						<line hits="1" number="252"/>
						<line hits="1" number="253"/>
						<line hits="1" number="256"/>
						<line hits="1" number="260"/>
						<line hits="1" number="262"/>
						<line hits="1" number="263"/>
						<line hits="1" number="264"/>
						<line hits="1" number="265"/>
						<line hits="1" number="266"/>
						<line hits="1" number="267"/>
						<line hits="1" number="268"/>
						<line hits="1" number="269"/>
						<line hits="1" number="271"/>
						<line branch="true" condition-coverage="100% (2/2)" hits="1" number="273"/>
						<line hits="1" number="275"/>
						<line hits="1" number="276"/>
						<line hits="1" number="279"/>
						<line hits="1" number="280"/>
						<line hits="1" number="281"/>
						<line hits="1" number="282"/>
						<line hits="1" number="283"/>
						<line hits="1" number="287"/>
						<line hits="1" number="288"/>
						<line hits="1" number="289"/>
						<line hits="1" number="291"/>
						<line hits="1" number="294"/>
						<line hits="1" number="295"/>
						<line hits="1" number="297"/>
						<line hits="1" number="299"/>
						<line hits="1" number="300"/>
						<line hits="1" number="301"/>
						<line hits="1" number="303"/>
						<line hits="1" number="306"/>
						<line hits="1" number="308"/>
						<line hits="1" number="309"/>
						<line hits="1" number="311"/>
						<line hits="1" number="312"/>
						<line hits="1" number="314"/>
						<line hits="1" number="316"/>
						<line hits="1" number="319"/>
						<line hits="1" number="322"/>
						<line hits="1" number="323"/>
						<line hits="1" number="325"/>
						<line hits="1" number="328"/>
						<line hits="1" number="329"/>
						<line hits="1" number="331"/>
						<line hits="1" number="332"/>
						<line hits="1" number="334"/>
						<line hits="1" number="336"/>
						<line hits="1" number="338"/>
						<line hits="1" number="340"/>
						<line hits="1" number="342"/>
						<line hits="1" number="344"/>
						<line hits="1" number="346"/>
						<line branch="true" condition-coverage="100% (2/2)" hits="1" number="347"/>
						<line branch="true" condition-coverage="100% (2/2)" hits="1" number="349"/>
						<line hits="1" number="350"/>
						<line hits="1" number="351"/>
						<line hits="1" number="352"/>
						<line hits="1" number="353"/>
						<line branch="true" condition-coverage="100% (2/2)" hits="1" number="355"/>
						<line hits="1" number="357"/>
						<line hits="1" number="359"/>
					</lines>
				</class>
				<class branch-rate="0.6667" complexity="0" filename="agilepy/api/ScienceTools.py" line-rate="0.9851" name="ScienceTools.py">
					<methods/>
					<lines>
						<line hits="1" number="28"/>
						<line hits="1" number="30"/>
						<line hits="1" number="31"/>
						<line hits="1" number="33"/>
						<line hits="1" number="35"/>
						<line hits="1" number="36"/>
						<line hits="1" number="38"/>
						<line hits="1" number="39"/>
						<line hits="1" number="41"/>
						<line hits="1" number="43"/>
						<line hits="1" number="44"/>
						<line hits="1" number="46"/>
						<line hits="1" number="48"/>
						<line hits="1" number="50"/>
						<line hits="1" number="74"/>
						<line hits="1" number="76"/>
						<line hits="1" number="77"/>
						<line hits="1" number="80"/>
						<line hits="1" number="81"/>
						<line hits="1" number="83"/>
						<line hits="1" number="85"/>
						<line hits="1" number="86"/>
						<line hits="1" number="88"/>
						<line branch="true" condition-coverage="50% (1/2)" hits="1" missing-branches="92" number="89"/>
						<line hits="1" number="90"/>
						<line hits="1" number="92"/>
						<line hits="1" number="94"/>
						<line hits="1" number="96"/>
						<line hits="1" number="127"/>
						<line hits="1" number="129"/>
						<line hits="1" number="130"/>
						<line hits="1" number="132"/>
						<line hits="1" number="133"/>
						<line hits="1" number="135"/>
						<line hits="1" number="137"/>
						<line hits="1" number="138"/>
						<line hits="1" number="140"/>
						<line hits="1" number="142"/>
						<line hits="1" number="144"/>
						<line hits="1" number="153"/>
						<line hits="1" number="155"/>
						<line hits="1" number="156"/>
						<line hits="1" number="158"/>
						<line hits="1" number="159"/>
						<line hits="1" number="161"/>
						<line hits="1" number="163"/>
						<line hits="1" number="164"/>
						<line hits="1" number="165"/>
						<line hits="1" number="167"/>
						<line hits="1" number="169"/>
						<line hits="1" number="179"/>
						<line hits="1" number="181"/>
						<line hits="1" number="182"/>
						<line hits="1" number="184"/>
						<line hits="0" number="185"/>
						<line hits="1" number="187"/>
						<line hits="1" number="189"/>
						<line hits="1" number="190"/>
						<line hits="1" number="191"/>
						<line hits="1" number="193"/>
						<line branch="true" condition-coverage="100% (2/2)" hits="1" number="194"/>
						<line hits="1" number="195"/>
						<line hits="1" number="196"/>
						<line hits="1" number="198"/>
						<line branch="true" condition-coverage="50% (1/2)" hits="1" missing-branches="203" number="199"/>
						<line hits="1" number="200"/>
						<line hits="1" number="203"/>
					</lines>
				</class>
				<class branch-rate="0.823" complexity="0" filename="agilepy/api/SourcesLibrary.py" line-rate="0.8737" name="SourcesLibrary.py">
					<methods/>
					<lines>
						<line hits="1" number="28"/>
						<line hits="1" number="29"/>
						<line hits="1" number="30"/>
						<line hits="1" number="31"/>
						<line hits="1" number="32"/>
						<line hits="1" number="34"/>
						<line hits="1" number="35"/>
						<line hits="1" number="36"/>
						<line hits="1" number="38"/>
						<line hits="1" number="40"/>
						<line hits="1" number="41"/>
						<line hits="1" number="42"/>
						<line hits="1" number="50"/>
						<line hits="1" number="52"/>
						<line hits="1" number="56"/>
						<line hits="1" number="58"/>
						<line hits="1" number="60"/>
						<line hits="1" number="62"/>
						<line hits="1" number="64"/>
						<line hits="1" number="66"/>
						<line hits="1" number="68"/>
						<line hits="1" number="69"/>
						<line hits="1" number="71"/>
						<line hits="1" number="72"/>
						<line hits="1" number="74"/>
						<line hits="1" number="76"/>
						<line branch="true" condition-coverage="100% (2/2)" hits="1" number="78"/>
						<line hits="1" number="80"/>
						<line hits="1" number="82"/>
						<line hits="1" number="84"/>
						<line hits="1" number="86"/>
						<line branch="true" condition-coverage="100% (2/2)" hits="1" number="88"/>
						<line hits="1" number="90"/>
						<line branch="true" condition-coverage="100% (2/2)" hits="1" number="93"/>
						<line hits="1" number="94"/>
						<line branch="true" condition-coverage="50% (1/2)" hits="1" missing-branches="100" number="96"/>
						<line hits="1" number="97"/>
						<line branch="true" condition-coverage="50% (1/2)" hits="1" missing-branches="101" number="100"/>
						<line hits="0" number="101"/>
						<line hits="0" number="102"/>
						<line hits="1" number="104"/>
						<line branch="true" condition-coverage="100% (2/2)" hits="1" number="106"/>
						<line hits="1" number="108"/>
						<line branch="true" condition-coverage="100% (2/2)" hits="1" number="110"/>
						<line hits="1" number="112"/>
						<line hits="1" number="114"/>
						<line branch="true" condition-coverage="50% (1/2)" hits="1" missing-branches="106" number="116"/>
						<line hits="1" number="117"/>
						<line hits="1" number="119"/>
						<line hits="1" number="121"/>
						<line hits="1" number="123"/>
						<line hits="1" number="125"/>
						<line hits="1" number="127"/>
						<line branch="true" condition-coverage="50% (1/2)" hits="1" missing-branches="130" number="129"/>
						<line hits="0" number="130"/>
						<line hits="1" number="132"/>
						<line hits="1" number="134"/>
						<line hits="1" number="136"/>
						<line branch="true" condition-coverage="50% (1/2)" hits="1" missing-branches="139" number="138"/>
						<line hits="0" number="139"/>
						<line hits="1" number="141"/>
						<line branch="true" condition-coverage="100% (2/2)" hits="1" number="143"/>
						<line hits="1" number="144"/>
						<line branch="true" condition-coverage="100% (2/2)" hits="1" number="146"/>
						<line hits="1" number="147"/>
						<line hits="1" number="148"/>
						<line hits="1" number="151"/>
						<line hits="1" number="152"/>
						<line hits="1" number="154"/>
						<line hits="1" number="156"/>
						<line hits="1" number="158"/>
						<line hits="1" number="160"/>
						<line hits="1" number="162"/>
						<line hits="1" number="166"/>
						<line hits="1" number="168"/>
						<line branch="true" condition-coverage="100% (2/2)" hits="1" number="172"/>
						<line hits="1" number="174"/>
						<line hits="1" number="178"/>
						<line hits="1" number="180"/>
						<line hits="1" number="182"/>
						<line hits="1" number="184"/>
						<line branch="true" condition-coverage="100% (2/2)" hits="1" number="186"/>
						<line branch="true" condition-coverage="100% (2/2)" hits="1" number="188"/>
						<line hits="1" number="190"/>
						<line branch="true" condition-coverage="100% (2/2)" hits="1" number="192"/>
						<line branch="true" condition-coverage="100% (2/2)" hits="1" number="193"/>
						<line hits="1" number="194"/>
						<line hits="1" number="196"/>
						<line hits="1" number="199"/>
						<line hits="0" number="203"/>
						<line hits="0" number="205"/>
						<line branch="true" condition-coverage="0% (0/2)" hits="0" missing-branches="209,212" number="207"/>
						<line branch="true" condition-coverage="0% (0/2)" hits="0" missing-branches="207,210" number="209"/>
						<line hits="0" number="210"/>
						<line hits="0" number="212"/>
						<line hits="1" number="214"/>
						<line hits="1" number="218"/>
						<line branch="true" condition-coverage="50% (1/2)" hits="1" missing-branches="221" number="220"/>
						<line hits="0" number="221"/>
						<line hits="0" number="222"/>
						<line hits="1" number="224"/>
						<line hits="1" number="226"/>
						<line branch="true" condition-coverage="100% (2/2)" hits="1" number="228"/>
						<line branch="true" condition-coverage="100% (2/2)" hits="1" number="230"/>
						<line hits="1" number="232"/>
						<line hits="1" number="234"/>
						<line hits="1" number="236"/>
						<line hits="1" number="242"/>
						<line branch="true" condition-coverage="100% (2/2)" hits="1" number="244"/>
						<line hits="1" number="246"/>
						<line hits="1" number="247"/>
						<line hits="1" number="249"/>
						<line branch="true" condition-coverage="100% (2/2)" hits="1" number="251"/>
						<line branch="true" condition-coverage="50% (1/2)" hits="1" missing-branches="254" number="253"/>
						<line hits="0" number="254"/>
						<line hits="1" number="256"/>
						<line branch="true" condition-coverage="50% (1/2)" hits="1" missing-branches="259" number="258"/>
						<line hits="0" number="259"/>
						<line hits="0" number="260"/>
						<line hits="1" number="262"/>
						<line branch="true" condition-coverage="100% (2/2)" hits="1" number="264"/>
						<line branch="true" condition-coverage="50% (1/2)" hits="1" missing-branches="270" number="266"/>
						<line hits="1" number="267"/>
						<line hits="1" number="268"/>
						<line hits="0" number="270"/>
						<line hits="0" number="271"/>
						<line branch="true" condition-coverage="100% (2/2)" hits="1" number="275"/>
						<line hits="1" number="277"/>
						<line hits="1" number="278"/>
						<line hits="1" number="281"/>
						<line hits="1" number="282"/>
						<line hits="1" number="285"/>
						<line branch="true" condition-coverage="50% (1/2)" hits="1" missing-branches="288" number="287"/>
						<line hits="0" number="288"/>
						<line hits="0" number="289"/>
						<line hits="0" number="290"/>
						<line hits="0" number="291"/>
						<line hits="1" number="293"/>
						<line hits="1" number="294"/>
						<line hits="1" number="301"/>
						<line hits="1" number="307"/>
						<line hits="1" number="309"/>
						<line hits="1" number="310"/>
						<line branch="true" condition-coverage="100% (2/2)" hits="1" number="312"/>
						<line branch="true" condition-coverage="50% (1/2)" hits="1" missing-branches="315" number="314"/>
						<line hits="0" number="315"/>
						<line hits="1" number="317"/>
						<line branch="true" condition-coverage="100% (2/2)" hits="1" number="319"/>
						<line hits="1" number="321"/>
						<line branch="true" condition-coverage="100% (2/2)" hits="1" number="323"/>
						<line branch="true" condition-coverage="100% (2/2)" hits="1" number="325"/>
						<line branch="true" condition-coverage="100% (2/2)" hits="1" number="326"/>
						<line branch="true" condition-coverage="100% (2/2)" hits="1" number="328"/>
						<line hits="1" number="329"/>
						<line hits="1" number="330"/>
						<line hits="1" number="331"/>
						<line branch="true" condition-coverage="100% (2/2)" hits="1" number="333"/>
						<line hits="1" number="334"/>
						<line branch="true" condition-coverage="100% (2/2)" hits="1" number="335"/>
						<line hits="1" number="336"/>
						<line branch="true" condition-coverage="100% (2/2)" hits="1" number="338"/>
						<line hits="1" number="339"/>
						<line branch="true" condition-coverage="100% (2/2)" hits="1" number="340"/>
						<line hits="1" number="341"/>
						<line branch="true" condition-coverage="100% (2/2)" hits="1" number="343"/>
						<line hits="1" number="344"/>
						<line branch="true" condition-coverage="100% (2/2)" hits="1" number="345"/>
						<line hits="1" number="346"/>
						<line branch="true" condition-coverage="100% (2/2)" hits="1" number="348"/>
						<line hits="1" number="349"/>
						<line branch="true" condition-coverage="100% (2/2)" hits="1" number="350"/>
						<line hits="1" number="351"/>
						<line branch="true" condition-coverage="100% (2/2)" hits="1" number="353"/>
						<line hits="1" number="354"/>
						<line branch="true" condition-coverage="100% (2/2)" hits="1" number="355"/>
						<line branch="true" condition-coverage="100% (2/2)" hits="1" number="356"/>
						<line hits="1" number="357"/>
						<line branch="true" condition-coverage="100% (2/2)" hits="1" number="358"/>
						<line branch="true" condition-coverage="100% (2/2)" hits="1" number="359"/>
						<line hits="1" number="360"/>
						<line branch="true" condition-coverage="100% (2/2)" hits="1" number="363"/>
						<line hits="1" number="366"/>
						<line branch="true" condition-coverage="50% (1/2)" hits="1" missing-branches="369" number="368"/>
						<line hits="0" number="369"/>
						<line hits="0" number="370"/>
						<line hits="1" number="374"/>
						<line hits="1" number="376"/>
						<line hits="1" number="378"/>
						<line hits="1" number="380"/>
						<line hits="1" number="381"/>
						<line hits="1" number="382"/>
						<line hits="1" number="383"/>
						<line hits="1" number="385"/>
						<line hits="1" number="387"/>
						<line hits="1" number="388"/>
						<line hits="1" number="390"/>
						<line hits="1" number="391"/>
						<line hits="1" number="392"/>
						<line hits="1" number="394"/>
						<line hits="1" number="395"/>
						<line hits="1" number="396"/>
						<line hits="1" number="397"/>
						<line hits="1" number="398"/>
						<line hits="1" number="399"/>
						<line hits="1" number="400"/>
						<line hits="1" number="403"/>
						<line hits="1" number="404"/>
						<line hits="1" number="406"/>
						<line hits="1" number="407"/>
						<line hits="1" number="408"/>
						<line hits="1" number="409"/>
						<line hits="1" number="411"/>
						<line hits="1" number="412"/>
						<line hits="1" number="414"/>
						<line hits="1" number="416"/>
						<line branch="true" condition-coverage="100% (2/2)" hits="1" number="418"/>
						<line branch="true" condition-coverage="50% (1/2)" hits="1" missing-branches="421" number="420"/>
						<line hits="0" number="421"/>
						<line branch="true" condition-coverage="100% (2/2)" hits="1" number="423"/>
						<line hits="1" number="425"/>
						<line hits="1" number="427"/>
						<line hits="1" number="429"/>
						<line hits="1" number="431"/>
						<line hits="1" number="433"/>
						<line hits="1" number="435"/>
						<line hits="1" number="436"/>
						<line branch="true" condition-coverage="100% (2/2)" hits="1" number="438"/>
						<line hits="1" number="439"/>
						<line hits="1" number="440"/>
						<line branch="true" condition-coverage="50% (1/2)" hits="1" missing-branches="445" number="442"/>
						<line hits="1" number="443"/>
						<line branch="true" condition-coverage="50% (1/2)" hits="1" missing-branches="454" number="445"/>
						<line hits="1" number="446"/>
						<line hits="1" number="449"/>
						<line hits="1" number="450"/>
						<line hits="1" number="451"/>
						<line hits="1" number="454"/>
						<line hits="1" number="456"/>
						<line hits="1" number="458"/>
						<line branch="true" condition-coverage="100% (2/2)" hits="1" number="460"/>
						<line hits="1" number="461"/>
						<line hits="1" number="462"/>
						<line branch="true" condition-coverage="100% (2/2)" hits="1" number="464"/>
						<line branch="true" condition-coverage="100% (2/2)" hits="1" number="465"/>
						<line hits="1" number="466"/>
						<line hits="1" number="467"/>
						<line hits="1" number="469"/>
						<line hits="1" number="471"/>
						<line hits="0" number="473"/>
						<line hits="1" number="475"/>
						<line hits="1" number="478"/>
						<line hits="1" number="480"/>
						<line hits="1" number="482"/>
						<line hits="1" number="484"/>
						<line hits="1" number="487"/>
						<line hits="1" number="489"/>
						<line branch="true" condition-coverage="100% (2/2)" hits="1" number="491"/>
						<line branch="true" condition-coverage="100% (2/2)" hits="1" number="492"/>
						<line hits="1" number="493"/>
						<line hits="1" number="494"/>
						<line hits="1" number="496"/>
						<line hits="1" number="498"/>
						<line hits="1" number="499"/>
						<line hits="1" number="501"/>
						<line hits="1" number="503"/>
						<line branch="true" condition-coverage="100% (2/2)" hits="1" number="505"/>
						<line branch="true" condition-coverage="100% (2/2)" hits="1" number="506"/>
						<line hits="1" number="507"/>
						<line branch="true" condition-coverage="100% (2/2)" hits="1" number="508"/>
						<line hits="1" number="509"/>
						<line hits="1" number="511"/>
						<line hits="1" number="513"/>
						<line hits="1" number="515"/>
						<line hits="1" number="517"/>
						<line hits="1" number="524"/>
						<line hits="0" number="526"/>
						<line hits="1" number="528"/>
						<line hits="1" number="530"/>
						<line hits="1" number="531"/>
						<line hits="1" number="533"/>
						<line hits="1" number="535"/>
						<line hits="1" number="537"/>
						<line hits="1" number="539"/>
						<line branch="true" condition-coverage="100% (2/2)" hits="1" number="541"/>
						<line hits="1" number="543"/>
						<line branch="true" condition-coverage="100% (2/2)" hits="1" number="544"/>
						<line branch="true" condition-coverage="100% (2/2)" hits="1" number="547"/>
						<line hits="1" number="549"/>
						<line hits="1" number="551"/>
						<line branch="true" condition-coverage="100% (2/2)" hits="1" number="555"/>
						<line hits="1" number="557"/>
						<line hits="1" number="559"/>
						<line hits="1" number="561"/>
						<line branch="true" condition-coverage="100% (2/2)" hits="1" number="564"/>
						<line hits="1" number="566"/>
						<line hits="1" number="568"/>
						<line hits="0" number="570"/>
						<line hits="1" number="572"/>
						<line hits="1" number="574"/>
						<line hits="1" number="575"/>
						<line hits="1" number="576"/>
						<line hits="1" number="578"/>
						<line hits="1" number="580"/>
						<line hits="1" number="582"/>
						<line hits="1" number="584"/>
						<line hits="1" number="586"/>
						<line hits="1" number="588"/>
						<line branch="true" condition-coverage="100% (2/2)" hits="1" number="590"/>
						<line branch="true" condition-coverage="50% (1/2)" hits="1" missing-branches="593" number="592"/>
						<line hits="0" number="593"/>
						<line hits="1" number="595"/>
						<line branch="true" condition-coverage="100% (2/2)" hits="1" number="597"/>
						<line branch="true" condition-coverage="50% (1/2)" hits="1" missing-branches="600" number="599"/>
						<line hits="0" number="600"/>
						<line branch="true" condition-coverage="100% (2/2)" hits="1" number="602"/>
						<line hits="1" number="603"/>
						<line hits="1" number="604"/>
						<line hits="1" number="605"/>
						<line hits="1" number="607"/>
						<line hits="1" number="608"/>
						<line hits="1" number="609"/>
						<line hits="1" number="611"/>
						<line hits="1" number="613"/>
						<line hits="1" number="615"/>
						<line hits="1" number="617"/>
						<line hits="1" number="619"/>
						<line branch="true" condition-coverage="100% (2/2)" hits="1" number="621"/>
						<line branch="true" condition-coverage="50% (1/2)" hits="1" missing-branches="624" number="623"/>
						<line hits="0" number="624"/>
						<line branch="true" condition-coverage="100% (2/2)" hits="1" number="626"/>
						<line branch="true" condition-coverage="50% (1/2)" hits="1" missing-branches="629" number="628"/>
						<line hits="0" number="629"/>
						<line hits="0" number="630"/>
						<line hits="1" number="632"/>
						<line hits="1" number="633"/>
						<line hits="1" number="634"/>
						<line hits="1" number="635"/>
						<line hits="1" number="636"/>
						<line hits="1" number="637"/>
						<line hits="1" number="638"/>
						<line hits="1" number="639"/>
						<line branch="true" condition-coverage="100% (2/2)" hits="1" number="642"/>
						<line branch="true" condition-coverage="100% (2/2)" hits="1" number="643"/>
						<line hits="1" number="644"/>
						<line branch="true" condition-coverage="100% (2/2)" hits="1" number="646"/>
						<line hits="1" number="647"/>
						<line hits="1" number="648"/>
						<line hits="1" number="651"/>
						<line branch="true" condition-coverage="100% (2/2)" hits="1" number="652"/>
						<line hits="1" number="653"/>
						<line hits="1" number="656"/>
						<line branch="true" condition-coverage="100% (2/2)" hits="1" number="658"/>
						<line hits="1" number="659"/>
						<line branch="true" condition-coverage="100% (2/2)" hits="1" number="660"/>
						<line hits="1" number="661"/>
						<line branch="true" condition-coverage="100% (2/2)" hits="1" number="662"/>
						<line hits="1" number="663"/>
						<line branch="true" condition-coverage="50% (1/2)" hits="1" missing-branches="667" number="664"/>
						<line hits="1" number="665"/>
						<line hits="0" number="667"/>
						<line hits="0" number="668"/>
						<line hits="1" number="671"/>
						<line branch="true" condition-coverage="100% (2/2)" hits="1" number="673"/>
						<line hits="1" number="674"/>
						<line branch="true" condition-coverage="100% (2/2)" hits="1" number="678"/>
						<line hits="1" number="679"/>
						<line hits="1" number="682"/>
						<line branch="true" condition-coverage="100% (2/2)" hits="1" number="685"/>
						<line hits="1" number="686"/>
						<line hits="1" number="689"/>
						<line hits="1" number="692"/>
						<line branch="true" condition-coverage="50% (1/2)" hits="1" missing-branches="706" number="695"/>
						<line hits="1" number="696"/>
						<line hits="1" number="699"/>
						<line hits="1" number="702"/>
						<line hits="1" number="706"/>
						<line hits="1" number="708"/>
						<line hits="1" number="710"/>
						<line hits="1" number="712"/>
						<line hits="1" number="715"/>
						<line branch="true" condition-coverage="100% (2/2)" hits="1" number="718"/>
						<line branch="true" condition-coverage="50% (1/2)" hits="1" missing-branches="721" number="720"/>
						<line hits="0" number="721"/>
						<line hits="1" number="723"/>
						<line hits="1" number="724"/>
						<line hits="1" number="726"/>
						<line hits="1" number="728"/>
						<line branch="true" condition-coverage="0% (0/2)" hits="0" missing-branches="730,731" number="729"/>
						<line hits="0" number="730"/>
						<line hits="0" number="731"/>
						<line hits="1" number="733"/>
						<line hits="0" number="735"/>
						<line hits="1" number="737"/>
						<line hits="1" number="740"/>
						<line branch="true" condition-coverage="100% (2/2)" hits="1" number="742"/>
						<line branch="true" condition-coverage="100% (2/2)" hits="1" number="745"/>
						<line hits="1" number="746"/>
						<line hits="1" number="748"/>
						<line hits="1" number="750"/>
						<line hits="1" number="753"/>
						<line hits="1" number="754"/>
						<line hits="1" number="755"/>
						<line hits="1" number="756"/>
						<line hits="1" number="757"/>
						<line branch="true" condition-coverage="50% (1/2)" hits="1" missing-branches="761" number="760"/>
						<line hits="0" number="761"/>
						<line hits="0" number="762"/>
						<line hits="1" number="764"/>
						<line hits="1" number="765"/>
						<line hits="1" number="767"/>
						<line hits="1" number="769"/>
						<line hits="1" number="771"/>
						<line hits="1" number="773"/>
						<line branch="true" condition-coverage="100% (2/2)" hits="1" number="776"/>
						<line hits="1" number="777"/>
						<line branch="true" condition-coverage="50% (1/2)" hits="1" missing-branches="783" number="779"/>
						<line hits="1" number="780"/>
						<line hits="1" number="781"/>
						<line branch="true" condition-coverage="0% (0/2)" hits="0" missing-branches="784,789" number="783"/>
						<line hits="0" number="784"/>
						<line hits="0" number="785"/>
						<line hits="0" number="786"/>
						<line hits="0" number="789"/>
						<line hits="0" number="790"/>
						<line hits="0" number="791"/>
						<line branch="true" condition-coverage="50% (1/2)" hits="1" missing-branches="796" number="795"/>
						<line hits="0" number="796"/>
						<line hits="1" number="799"/>
						<line branch="true" condition-coverage="100% (2/2)" hits="1" number="803"/>
						<line hits="1" number="804"/>
						<line branch="true" condition-coverage="50% (1/2)" hits="1" missing-branches="811" number="806"/>
						<line hits="1" number="807"/>
						<line branch="true" condition-coverage="0% (0/2)" hits="0" missing-branches="812,818" number="811"/>
						<line hits="0" number="812"/>
						<line hits="0" number="818"/>
						<line hits="1" number="824"/>
						<line hits="1" number="826"/>
						<line hits="1" number="828"/>
						<line hits="1" number="833"/>
						<line branch="true" condition-coverage="100% (2/2)" hits="1" number="835"/>
						<line hits="1" number="837"/>
						<line hits="1" number="840"/>
						<line branch="true" condition-coverage="100% (2/2)" hits="1" number="842"/>
						<line hits="1" number="844"/>
						<line hits="1" number="845"/>
						<line hits="1" number="847"/>
						<line hits="1" number="851"/>
						<line branch="true" condition-coverage="100% (2/2)" hits="1" number="854"/>
						<line hits="1" number="856"/>
						<line hits="1" number="857"/>
						<line hits="1" number="859"/>
						<line hits="1" number="862"/>
						<line hits="1" number="864"/>
						<line hits="1" number="866"/>
						<line hits="1" number="868"/>
						<line hits="1" number="871"/>
						<line hits="1" number="872"/>
						<line hits="1" number="873"/>
						<line hits="1" number="874"/>
						<line hits="1" number="875"/>
						<line hits="1" number="876"/>
						<line hits="1" number="877"/>
						<line hits="1" number="879"/>
						<line hits="1" number="880"/>
						<line branch="true" condition-coverage="100% (2/2)" hits="1" number="883"/>
						<line hits="1" number="884"/>
						<line branch="true" condition-coverage="50% (1/2)" hits="1" missing-branches="891" number="886"/>
						<line hits="1" number="887"/>
						<line hits="1" number="889"/>
						<line branch="true" condition-coverage="0% (0/2)" hits="0" missing-branches="892,897" number="891"/>
						<line hits="0" number="892"/>
						<line hits="0" number="893"/>
						<line hits="0" number="894"/>
						<line hits="0" number="897"/>
						<line hits="0" number="898"/>
						<line hits="0" number="899"/>
						<line branch="true" condition-coverage="100% (2/2)" hits="1" number="901"/>
						<line hits="1" number="902"/>
						<line branch="true" condition-coverage="50% (1/2)" hits="1" missing-branches="906" number="904"/>
						<line hits="0" number="906"/>
						<line hits="1" number="915"/>
						<line hits="1" number="923"/>
						<line hits="1" number="926"/>
					</lines>
				</class>
			</classes>
		</package>
		<package branch-rate="0.6566" complexity="0" line-rate="0.7993" name="agilepy.config">
			<classes>
				<class branch-rate="0.6566" complexity="0" filename="agilepy/config/AgilepyConfig.py" line-rate="0.7993" name="AgilepyConfig.py">
					<methods/>
					<lines>
						<line hits="1" number="28"/>
						<line hits="1" number="29"/>
						<line hits="1" number="30"/>
						<line hits="1" number="31"/>
						<line hits="1" number="32"/>
						<line hits="1" number="33"/>
						<line hits="1" number="34"/>
						<line hits="1" number="35"/>
						<line hits="1" number="36"/>
						<line hits="1" number="38"/>
						<line hits="1" number="39"/>
						<line hits="1" number="40"/>
						<line hits="1" number="48"/>
						<line hits="1" number="52"/>
						<line hits="1" number="54"/>
						<line hits="1" number="55"/>
						<line hits="1" number="56"/>
						<line hits="1" number="58"/>
						<line hits="0" number="60"/>
						<line hits="0" number="61"/>
						<line hits="0" number="62"/>
						<line hits="0" number="63"/>
						<line hits="1" number="65"/>
						<line hits="1" number="67"/>
						<line hits="1" number="69"/>
						<line hits="1" number="71"/>
						<line hits="1" number="73"/>
						<line hits="1" number="75"/>
						<line hits="1" number="77"/>
						<line hits="1" number="79"/>
						<line branch="true" condition-coverage="100% (2/2)" hits="1" number="82"/>
						<line hits="1" number="84"/>
						<line hits="1" number="86"/>
						<line hits="1" number="88"/>
						<line hits="1" number="90"/>
						<line branch="true" condition-coverage="100% (2/2)" hits="1" number="92"/>
						<line hits="1" number="93"/>
						<line hits="1" number="104"/>
						<line branch="true" condition-coverage="50% (1/2)" hits="1" missing-branches="112" number="106"/>
						<line branch="true" condition-coverage="100% (2/2)" hits="1" number="108"/>
						<line hits="1" number="110"/>
						<line hits="0" number="112"/>
						<line hits="1" number="115"/>
						<line branch="true" condition-coverage="0% (0/2)" hits="0" missing-branches="117,119" number="116"/>
						<line hits="0" number="117"/>
						<line hits="0" number="119"/>
						<line hits="1" number="122"/>
						<line hits="1" number="124"/>
						<line branch="true" condition-coverage="50% (1/2)" hits="1" missing-branches="127" number="126"/>
						<line hits="0" number="127"/>
						<line hits="1" number="129"/>
						<line hits="1" number="132"/>
						<line branch="true" condition-coverage="0% (0/2)" hits="0" missing-branches="exit,137" number="136"/>
						<line branch="true" condition-coverage="0% (0/2)" hits="0" missing-branches="138,140" number="137"/>
						<line hits="0" number="138"/>
						<line hits="0" number="140"/>
						<line hits="1" number="143"/>
						<line branch="true" condition-coverage="50% (1/2)" hits="1" missing-branches="148" number="147"/>
						<line hits="0" number="148"/>
						<line branch="true" condition-coverage="50% (1/2)" hits="1" missing-branches="150" number="149"/>
						<line hits="0" number="150"/>
						<line branch="true" condition-coverage="100% (2/2)" hits="1" number="153"/>
						<line hits="1" number="155"/>
						<line branch="true" condition-coverage="50% (1/2)" hits="1" missing-branches="158" number="157"/>
						<line hits="0" number="158"/>
						<line branch="true" condition-coverage="100% (2/2)" hits="1" number="160"/>
						<line branch="true" condition-coverage="50% (1/2)" hits="1" missing-branches="164" number="161"/>
						<line hits="1" number="162"/>
						<line branch="true" condition-coverage="50% (1/2)" hits="1" missing-branches="165" number="164"/>
						<line hits="0" number="165"/>
						<line hits="1" number="168"/>
						<line branch="true" condition-coverage="100% (2/2)" hits="1" number="170"/>
						<line hits="1" number="171"/>
						<line hits="1" number="173"/>
						<line branch="true" condition-coverage="100% (2/2)" hits="1" number="175"/>
						<line hits="1" number="177"/>
						<line branch="true" condition-coverage="50% (1/2)" hits="1" missing-branches="188" number="179"/>
						<line hits="1" number="181"/>
						<line hits="0" number="188"/>
						<line hits="1" number="191"/>
						<line hits="1" number="199"/>
						<line branch="true" condition-coverage="0% (0/2)" hits="0" missing-branches="201,206" number="200"/>
						<line branch="true" condition-coverage="0% (0/2)" hits="0" missing-branches="202,204" number="201"/>
						<line hits="0" number="202"/>
						<line hits="0" number="204"/>
						<line hits="0" number="206"/>
						<line hits="1" number="209"/>
						<line branch="true" condition-coverage="100% (2/2)" hits="1" number="216"/>
						<line hits="1" number="220"/>
						<line branch="true" condition-coverage="100% (2/2)" hits="1" number="223"/>
						<line hits="1" number="226"/>
						<line branch="true" condition-coverage="100% (2/2)" hits="1" number="229"/>
						<line hits="1" number="231"/>
						<line branch="true" condition-coverage="50% (1/2)" hits="1" missing-branches="234" number="233"/>
						<line hits="0" number="234"/>
						<line branch="true" condition-coverage="100% (2/2)" hits="1" number="237"/>
						<line hits="1" number="238"/>
						<line branch="true" condition-coverage="50% (1/2)" hits="1" missing-branches="245" number="241"/>
						<line hits="1" number="242"/>
						<line hits="0" number="245"/>
						<line hits="1" number="247"/>
						<line branch="true" condition-coverage="100% (2/2)" hits="1" number="249"/>
						<line hits="1" number="250"/>
						<line hits="1" number="251"/>
						<line hits="1" number="253"/>
						<line branch="true" condition-coverage="50% (1/2)" hits="1" missing-branches="260" number="256"/>
						<line hits="0" number="260"/>
						<line hits="1" number="262"/>
						<line hits="1" number="265"/>
						<line hits="1" number="268"/>
						<line branch="true" condition-coverage="50% (1/2)" hits="1" missing-branches="271" number="270"/>
						<line hits="0" number="271"/>
						<line branch="true" condition-coverage="100% (2/2)" hits="1" number="273"/>
						<line hits="1" number="274"/>
						<line branch="true" condition-coverage="100% (2/2)" hits="1" number="276"/>
						<line branch="true" condition-coverage="100% (2/2)" hits="1" number="277"/>
						<line branch="true" condition-coverage="100% (2/2)" hits="1" number="278"/>
						<line hits="1" number="279"/>
						<line branch="true" condition-coverage="50% (1/2)" hits="1" missing-branches="284" number="280"/>
						<line branch="true" condition-coverage="50% (1/2)" hits="1" missing-branches="282" number="281"/>
						<line hits="0" number="282"/>
						<line hits="1" number="284"/>
						<line hits="1" number="286"/>
						<line hits="1" number="291"/>
						<line branch="true" condition-coverage="100% (2/2)" hits="1" number="292"/>
						<line hits="1" number="293"/>
						<line branch="true" condition-coverage="100% (2/2)" hits="1" number="295"/>
						<line branch="true" condition-coverage="100% (2/2)" hits="1" number="296"/>
						<line branch="true" condition-coverage="100% (2/2)" hits="1" number="297"/>
						<line branch="true" condition-coverage="100% (2/2)" hits="1" number="298"/>
						<line hits="1" number="299"/>
						<line hits="1" number="301"/>
						<line hits="1" number="303"/>
						<line hits="1" number="305"/>
						<line hits="1" number="307"/>
						<line hits="1" number="309"/>
						<line hits="1" number="310"/>
						<line hits="1" number="311"/>
						<line hits="1" number="312"/>
						<line hits="1" number="313"/>
						<line hits="1" number="314"/>
						<line hits="1" number="315"/>
						<line hits="1" number="316"/>
						<line hits="1" number="317"/>
						<line hits="1" number="319"/>
						<line hits="1" number="322"/>
						<line branch="true" condition-coverage="50% (1/2)" hits="1" missing-branches="325" number="324"/>
						<line hits="0" number="325"/>
						<line branch="true" condition-coverage="50% (1/2)" hits="1" missing-branches="328" number="327"/>
						<line hits="0" number="328"/>
						<line branch="true" condition-coverage="50% (1/2)" hits="1" missing-branches="331" number="330"/>
						<line hits="0" number="331"/>
						<line branch="true" condition-coverage="50% (1/2)" hits="1" missing-branches="334" number="333"/>
						<line hits="0" number="334"/>
						<line branch="true" condition-coverage="50% (1/2)" hits="1" missing-branches="337" number="336"/>
						<line hits="0" number="337"/>
						<line branch="true" condition-coverage="50% (1/2)" hits="1" missing-branches="340" number="339"/>
						<line hits="0" number="340"/>
						<line branch="true" condition-coverage="50% (1/2)" hits="1" missing-branches="343" number="342"/>
						<line hits="0" number="343"/>
						<line branch="true" condition-coverage="50% (1/2)" hits="1" missing-branches="346" number="345"/>
						<line hits="0" number="346"/>
						<line branch="true" condition-coverage="50% (1/2)" hits="1" missing-branches="349" number="348"/>
						<line hits="0" number="349"/>
						<line branch="true" condition-coverage="50% (1/2)" hits="1" missing-branches="352" number="351"/>
						<line hits="0" number="352"/>
						<line branch="true" condition-coverage="50% (1/2)" hits="1" missing-branches="355" number="354"/>
						<line hits="0" number="355"/>
						<line branch="true" condition-coverage="50% (1/2)" hits="1" missing-branches="358" number="357"/>
						<line hits="0" number="358"/>
						<line hits="1" number="360"/>
						<line branch="true" condition-coverage="100% (2/2)" hits="1" number="363"/>
						<line hits="1" number="365"/>
						<line hits="1" number="367"/>
						<line branch="true" condition-coverage="100% (2/2)" hits="1" number="368"/>
						<line hits="1" number="369"/>
						<line branch="true" condition-coverage="100% (2/2)" hits="1" number="370"/>
						<line hits="1" number="371"/>
						<line hits="1" number="373"/>
						<line hits="1" number="376"/>
						<line hits="1" number="377"/>
						<line branch="true" condition-coverage="100% (2/2)" hits="1" number="380"/>
						<line branch="true" condition-coverage="100% (2/2)" hits="1" number="381"/>
						<line branch="true" condition-coverage="50% (1/2)" hits="1" missing-branches="385" number="384"/>
						<line branch="true" condition-coverage="0% (0/2)" hits="0" missing-branches="exit,exit" number="385"/>
						<line branch="true" condition-coverage="50% (1/2)" hits="1" missing-branches="389" number="388"/>
						<line hits="0" number="389"/>
						<line branch="true" condition-coverage="100% (2/2)" hits="1" number="392"/>
						<line hits="1" number="393"/>
						<line branch="true" condition-coverage="50% (1/2)" hits="1" missing-branches="400" number="396"/>
						<line hits="1" number="397"/>
						<line hits="0" number="400"/>
						<line hits="0" number="401"/>
						<line hits="1" number="405"/>
						<line branch="true" condition-coverage="50% (1/2)" hits="1" missing-branches="exit" number="407"/>
						<line branch="true" condition-coverage="50% (1/2)" hits="1" missing-branches="411" number="408"/>
						<line hits="1" number="409"/>
						<line hits="0" number="411"/>
						<line hits="1" number="413"/>
						<line branch="true" condition-coverage="50% (1/2)" hits="1" missing-branches="416" number="415"/>
						<line hits="0" number="416"/>
						<line hits="0" number="417"/>
						<line hits="0" number="418"/>
						<line hits="1" number="420"/>
						<line branch="true" condition-coverage="50% (1/2)" hits="1" missing-branches="exit" number="422"/>
						<line hits="1" number="423"/>
						<line hits="1" number="425"/>
						<line hits="1" number="427"/>
						<line hits="1" number="428"/>
						<line hits="1" number="429"/>
						<line hits="1" number="431"/>
						<line branch="true" condition-coverage="50% (1/2)" hits="1" missing-branches="441" number="433"/>
						<line hits="1" number="434"/>
						<line branch="true" condition-coverage="50% (1/2)" hits="1" missing-branches="436" number="435"/>
						<line hits="0" number="436"/>
						<line hits="0" number="437"/>
						<line hits="1" number="439"/>
						<line hits="0" number="441"/>
						<line hits="1" number="443"/>
						<line hits="1" number="446"/>
						<line branch="true" condition-coverage="100% (2/2)" hits="1" number="448"/>
						<line hits="1" number="449"/>
						<line branch="true" condition-coverage="50% (1/2)" hits="1" missing-branches="452" number="450"/>
						<line hits="1" number="451"/>
						<line branch="true" condition-coverage="0% (0/2)" hits="0" missing-branches="453,455" number="452"/>
						<line hits="0" number="453"/>
						<line hits="0" number="455"/>
						<line hits="1" number="458"/>
						<line hits="1" number="461"/>
						<line hits="1" number="463"/>
						<line hits="1" number="465"/>
						<line hits="1" number="467"/>
						<line hits="1" number="469"/>
						<line hits="1" number="470"/>
						<line hits="1" number="471"/>
						<line hits="1" number="472"/>
						<line hits="1" number="473"/>
						<line hits="1" number="474"/>
						<line hits="1" number="476"/>
						<line hits="1" number="478"/>
						<line hits="1" number="481"/>
						<line branch="true" condition-coverage="100% (2/2)" hits="1" number="483"/>
						<line hits="1" number="485"/>
						<line branch="true" condition-coverage="50% (1/2)" hits="1" missing-branches="489" number="487"/>
						<line hits="0" number="489"/>
						<line hits="1" number="491"/>
						<line hits="1" number="495"/>
						<line hits="1" number="498"/>
						<line hits="1" number="500"/>
						<line branch="true" condition-coverage="50% (1/2)" hits="1" missing-branches="504" number="502"/>
						<line hits="0" number="504"/>
						<line hits="1" number="506"/>
						<line hits="1" number="508"/>
						<line hits="1" number="511"/>
						<line hits="1" number="513"/>
						<line hits="1" number="514"/>
						<line hits="1" number="515"/>
						<line hits="1" number="516"/>
						<line hits="1" number="518"/>
						<line branch="true" condition-coverage="100% (2/2)" hits="1" number="520"/>
						<line hits="1" number="522"/>
						<line hits="1" number="524"/>
						<line hits="1" number="526"/>
						<line branch="true" condition-coverage="100% (2/2)" hits="1" number="528"/>
						<line hits="1" number="530"/>
						<line hits="1" number="532"/>
						<line hits="1" number="534"/>
						<line hits="1" number="536"/>
						<line hits="1" number="539"/>
						<line hits="1" number="541"/>
						<line branch="true" condition-coverage="50% (1/2)" hits="1" missing-branches="544" number="543"/>
						<line hits="0" number="544"/>
						<line hits="1" number="546"/>
						<line branch="true" condition-coverage="50% (1/2)" hits="1" missing-branches="549" number="548"/>
						<line hits="0" number="549"/>
						<line hits="1" number="551"/>
						<line hits="1" number="553"/>
						<line hits="1" number="555"/>
						<line hits="1" number="557"/>
						<line hits="1" number="559"/>
						<line hits="1" number="560"/>
						<line branch="true" condition-coverage="50% (1/2)" hits="1" missing-branches="563" number="562"/>
						<line hits="0" number="563"/>
						<line hits="1" number="566"/>
						<line hits="1" number="567"/>
						<line branch="true" condition-coverage="100% (2/2)" hits="1" number="569"/>
						<line hits="1" number="570"/>
						<line branch="true" condition-coverage="50% (1/2)" hits="1" missing-branches="574" number="573"/>
						<line hits="0" number="574"/>
						<line branch="true" condition-coverage="100% (2/2)" hits="1" number="578"/>
						<line hits="1" number="579"/>
						<line branch="true" condition-coverage="50% (1/2)" hits="1" missing-branches="583" number="582"/>
						<line hits="0" number="583"/>
						<line hits="1" number="587"/>
						<line hits="1" number="589"/>
						<line hits="1" number="591"/>
						<line hits="1" number="592"/>
						<line hits="1" number="593"/>
						<line hits="1" number="594"/>
						<line hits="1" number="595"/>
						<line hits="1" number="596"/>
						<line hits="1" number="598"/>
						<line hits="1" number="600"/>
						<line hits="1" number="601"/>
					</lines>
				</class>
			</classes>
		</package>
		<package branch-rate="0.05469" complexity="0" line-rate="0.1558" name="agilepy.utils">
			<classes>
				<class branch-rate="0.7" complexity="0" filename="agilepy/utils/AgilepyLogger.py" line-rate="0.9701" name="AgilepyLogger.py">
					<methods/>
					<lines>
						<line hits="1" number="28"/>
						<line hits="1" number="29"/>
						<line hits="1" number="30"/>
						<line hits="1" number="31"/>
						<line hits="1" number="32"/>
						<line hits="1" number="34"/>
						<line hits="1" number="35"/>
						<line hits="1" number="37"/>
						<line hits="1" number="39"/>
						<line hits="1" number="40"/>
						<line hits="1" number="41"/>
						<line hits="1" number="42"/>
						<line hits="1" number="44"/>
						<line branch="true" condition-coverage="50% (1/2)" hits="1" missing-branches="48" number="46"/>
						<line hits="0" number="48"/>
						<line hits="1" number="50"/>
						<line hits="1" number="52"/>
						<line hits="1" number="54"/>
						<line hits="1" number="56"/>
						<line hits="1" number="64"/>
						<line hits="1" number="67"/>
						<line hits="1" number="70"/>
						<line hits="1" number="75"/>
						<line hits="1" number="77"/>
						<line hits="1" number="79"/>
						<line hits="1" number="81"/>
						<line hits="1" number="82"/>
						<line hits="1" number="84"/>
						<line hits="1" number="86"/>
						<line hits="1" number="88"/>
						<line branch="true" condition-coverage="100% (2/2)" hits="1" number="91"/>
						<line hits="1" number="92"/>
						<line branch="true" condition-coverage="50% (1/2)" hits="1" missing-branches="98" number="94"/>
						<line hits="1" number="95"/>
						<line hits="0" number="98"/>
						<line hits="1" number="100"/>
						<line hits="1" number="102"/>
						<line hits="1" number="103"/>
						<line hits="1" number="104"/>
						<line hits="1" number="106"/>
						<line hits="1" number="108"/>
						<line branch="true" condition-coverage="50% (1/2)" hits="1" missing-branches="exit" number="109"/>
						<line hits="1" number="110"/>
						<line hits="1" number="111"/>
						<line hits="1" number="113"/>
						<line branch="true" condition-coverage="50% (1/2)" hits="1" missing-branches="exit" number="114"/>
						<line hits="1" number="115"/>
						<line hits="1" number="116"/>
						<line hits="1" number="118"/>
						<line branch="true" condition-coverage="50% (1/2)" hits="1" missing-branches="exit" number="119"/>
						<line hits="1" number="120"/>
						<line hits="1" number="121"/>
						<line hits="1" number="123"/>
						<line branch="true" condition-coverage="50% (1/2)" hits="1" missing-branches="exit" number="124"/>
						<line hits="1" number="125"/>
						<line hits="1" number="126"/>
						<line hits="1" number="128"/>
						<line branch="true" condition-coverage="100% (2/2)" hits="1" number="129"/>
						<line hits="1" number="131"/>
						<line branch="true" condition-coverage="100% (2/2)" hits="1" number="132"/>
						<line hits="1" number="133"/>
						<line hits="1" number="134"/>
						<line hits="1" number="136"/>
						<line branch="true" condition-coverage="100% (2/2)" hits="1" number="137"/>
						<line hits="1" number="138"/>
						<line hits="1" number="139"/>
						<line hits="1" number="141"/>
					</lines>
				</class>
				<class branch-rate="0" complexity="0" filename="agilepy/utils/AstroUtils.py" line-rate="0.2464" name="AstroUtils.py">
					<methods/>
					<lines>
						<line hits="1" number="28"/>
						<line hits="1" number="29"/>
						<line hits="1" number="30"/>
						<line hits="1" number="33"/>
						<line hits="1" number="35"/>
						<line branch="true" condition-coverage="0% (0/2)" hits="0" missing-branches="39,40" number="38"/>
						<line hits="0" number="39"/>
						<line branch="true" condition-coverage="0% (0/2)" hits="0" missing-branches="41,43" number="40"/>
						<line hits="0" number="41"/>
						<line hits="0" number="43"/>
						<line hits="0" number="44"/>
						<line hits="0" number="46"/>
						<line hits="0" number="47"/>
						<line hits="0" number="48"/>
						<line branch="true" condition-coverage="0% (0/2)" hits="0" missing-branches="50,52" number="49"/>
						<line hits="0" number="50"/>
						<line hits="0" number="52"/>
						<line hits="0" number="53"/>
						<line hits="0" number="55"/>
						<line hits="0" number="57"/>
						<line hits="0" number="59"/>
						<line hits="1" number="63"/>
						<line hits="1" number="65"/>
						<line hits="1" number="67"/>
						<line hits="1" number="69"/>
						<line hits="1" number="71"/>
						<line branch="true" condition-coverage="0% (0/2)" hits="0" missing-branches="74,75" number="73"/>
						<line hits="0" number="74"/>
						<line hits="0" number="75"/>
						<line hits="1" number="77"/>
						<line branch="true" condition-coverage="0% (0/2)" hits="0" missing-branches="80,81" number="79"/>
						<line hits="0" number="80"/>
						<line hits="0" number="81"/>
						<line hits="1" number="87"/>
						<line hits="0" number="90"/>
						<line hits="0" number="91"/>
						<line hits="0" number="92"/>
						<line hits="0" number="93"/>
						<line hits="0" number="95"/>
						<line hits="0" number="96"/>
						<line hits="0" number="97"/>
						<line hits="0" number="98"/>
						<line hits="0" number="99"/>
						<line hits="0" number="100"/>
						<line hits="0" number="101"/>
						<line hits="1" number="140"/>
						<line hits="0" number="142"/>
						<line hits="0" number="143"/>
						<line hits="0" number="144"/>
						<line hits="0" number="145"/>
						<line hits="1" number="147"/>
						<line hits="0" number="149"/>
						<line hits="1" number="152"/>
						<line hits="0" number="166"/>
						<line hits="0" number="167"/>
						<line hits="0" number="169"/>
						<line hits="0" number="170"/>
						<line hits="0" number="171"/>
						<line hits="0" number="172"/>
						<line hits="0" number="173"/>
						<line branch="true" condition-coverage="0% (0/2)" hits="0" missing-branches="175,178" number="174"/>
						<line hits="0" number="175"/>
						<line hits="0" number="176"/>
						<line hits="0" number="178"/>
						<line hits="0" number="179"/>
						<line hits="0" number="181"/>
						<line hits="1" number="198"/>
						<line hits="0" number="200"/>
						<line hits="1" number="202"/>
					</lines>
				</class>
				<class branch-rate="0" complexity="0" filename="agilepy/utils/BooleanExpressionParser.py" line-rate="0" name="BooleanExpressionParser.py">
					<methods/>
					<lines>
						<line hits="0" number="16"/>
						<line hits="0" number="17"/>
						<line hits="0" number="18"/>
						<line hits="0" number="20"/>
						<line hits="0" number="21"/>
						<line hits="0" number="22"/>
						<line hits="0" number="23"/>
						<line hits="0" number="24"/>
						<line hits="0" number="26"/>
						<line hits="0" number="27"/>
						<line hits="0" number="29"/>
						<line hits="0" number="30"/>
						<line hits="0" number="32"/>
						<line hits="0" number="33"/>
						<line hits="0" number="34"/>
						<line hits="0" number="35"/>
						<line hits="0" number="36"/>
						<line hits="0" number="38"/>
						<line hits="0" number="39"/>
						<line hits="0" number="41"/>
						<line hits="0" number="42"/>
						<line hits="0" number="43"/>
						<line hits="0" number="45"/>
						<line hits="0" number="46"/>
						<line hits="0" number="48"/>
						<line hits="0" number="49"/>
						<line hits="0" number="51"/>
						<line hits="0" number="52"/>
						<line hits="0" number="54"/>
						<line hits="0" number="55"/>
						<line hits="0" number="56"/>
						<line hits="0" number="60"/>
						<line hits="0" number="61"/>
						<line hits="0" number="62"/>
						<line hits="0" number="63"/>
						<line branch="true" condition-coverage="0% (0/2)" hits="0" missing-branches="exit,65" number="64"/>
						<line hits="0" number="65"/>
						<line hits="0" number="67"/>
						<line branch="true" condition-coverage="0% (0/2)" hits="0" missing-branches="exit,70" number="69"/>
						<line branch="true" condition-coverage="0% (0/2)" hits="0" missing-branches="71,72" number="70"/>
						<line hits="0" number="71"/>
						<line branch="true" condition-coverage="0% (0/2)" hits="0" missing-branches="73,74" number="72"/>
						<line hits="0" number="73"/>
						<line branch="true" condition-coverage="0% (0/2)" hits="0" missing-branches="75,76" number="74"/>
						<line hits="0" number="75"/>
						<line branch="true" condition-coverage="0% (0/2)" hits="0" missing-branches="77,78" number="76"/>
						<line hits="0" number="77"/>
						<line branch="true" condition-coverage="0% (0/2)" hits="0" missing-branches="79,80" number="78"/>
						<line hits="0" number="79"/>
						<line branch="true" condition-coverage="0% (0/2)" hits="0" missing-branches="81,82" number="80"/>
						<line hits="0" number="81"/>
						<line branch="true" condition-coverage="0% (0/2)" hits="0" missing-branches="83,84" number="82"/>
						<line hits="0" number="83"/>
						<line branch="true" condition-coverage="0% (0/2)" hits="0" missing-branches="85,86" number="84"/>
						<line hits="0" number="85"/>
						<line branch="true" condition-coverage="0% (0/2)" hits="0" missing-branches="87,88" number="86"/>
						<line hits="0" number="87"/>
						<line branch="true" condition-coverage="0% (0/2)" hits="0" missing-branches="89,92" number="88"/>
						<line hits="0" number="89"/>
						<line branch="true" condition-coverage="0% (0/2)" hits="0" missing-branches="93,96" number="92"/>
						<line hits="0" number="93"/>
						<line hits="0" number="94"/>
						<line hits="0" number="96"/>
						<line hits="0" number="97"/>
						<line hits="0" number="98"/>
						<line hits="0" number="99"/>
						<line branch="true" condition-coverage="0% (0/2)" hits="0" missing-branches="101,103" number="100"/>
						<line hits="0" number="101"/>
						<line hits="0" number="103"/>
						<line hits="0" number="105"/>
						<line hits="0" number="108"/>
						<line hits="0" number="109"/>
						<line hits="0" number="110"/>
						<line hits="0" number="112"/>
						<line hits="0" number="113"/>
						<line hits="0" number="114"/>
						<line hits="0" number="115"/>
						<line hits="0" number="117"/>
						<line hits="0" number="118"/>
						<line hits="0" number="120"/>
						<line hits="0" number="121"/>
						<line branch="true" condition-coverage="0% (0/2)" hits="0" missing-branches="123,129" number="122"/>
						<line hits="0" number="123"/>
						<line hits="0" number="124"/>
						<line hits="0" number="125"/>
						<line hits="0" number="126"/>
						<line hits="0" number="127"/>
						<line hits="0" number="128"/>
						<line hits="0" number="129"/>
						<line hits="0" number="131"/>
						<line hits="0" number="132"/>
						<line branch="true" condition-coverage="0% (0/2)" hits="0" missing-branches="134,140" number="133"/>
						<line hits="0" number="134"/>
						<line hits="0" number="135"/>
						<line hits="0" number="136"/>
						<line hits="0" number="137"/>
						<line hits="0" number="138"/>
						<line hits="0" number="139"/>
						<line hits="0" number="140"/>
						<line hits="0" number="142"/>
						<line branch="true" condition-coverage="0% (0/2)" hits="0" missing-branches="144,152" number="143"/>
						<line hits="0" number="144"/>
						<line hits="0" number="145"/>
						<line branch="true" condition-coverage="0% (0/2)" hits="0" missing-branches="147,150" number="146"/>
						<line hits="0" number="147"/>
						<line hits="0" number="148"/>
						<line hits="0" number="150"/>
						<line hits="0" number="152"/>
						<line branch="true" condition-coverage="0% (0/2)" hits="0" missing-branches="154,161" number="153"/>
						<line hits="0" number="154"/>
						<line hits="0" number="155"/>
						<line hits="0" number="156"/>
						<line hits="0" number="157"/>
						<line hits="0" number="158"/>
						<line hits="0" number="159"/>
						<line hits="0" number="161"/>
						<line hits="0" number="163"/>
						<line branch="true" condition-coverage="0% (0/2)" hits="0" missing-branches="165,178" number="164"/>
						<line hits="0" number="165"/>
						<line branch="true" condition-coverage="0% (0/2)" hits="0" missing-branches="167,170" number="166"/>
						<line hits="0" number="167"/>
						<line hits="0" number="168"/>
						<line hits="0" number="169"/>
						<line branch="true" condition-coverage="0% (0/2)" hits="0" missing-branches="171,175" number="170"/>
						<line hits="0" number="171"/>
						<line hits="0" number="172"/>
						<line hits="0" number="173"/>
						<line hits="0" number="175"/>
						<line hits="0" number="178"/>
						<line hits="0" number="180"/>
						<line hits="0" number="181"/>
						<line branch="true" condition-coverage="0% (0/2)" hits="0" missing-branches="184,187" number="182"/>
						<line branch="true" condition-coverage="0% (0/2)" hits="0" missing-branches="182,186" number="184"/>
						<line hits="0" number="186"/>
						<line hits="0" number="187"/>
						<line hits="0" number="189"/>
						<line hits="0" number="190"/>
						<line hits="0" number="192"/>
						<line branch="true" condition-coverage="0% (0/2)" hits="0" missing-branches="195,197" number="194"/>
						<line hits="0" number="195"/>
						<line branch="true" condition-coverage="0% (0/2)" hits="0" missing-branches="198,200" number="197"/>
						<line hits="0" number="198"/>
						<line hits="0" number="200"/>
						<line hits="0" number="202"/>
						<line branch="true" condition-coverage="0% (0/2)" hits="0" missing-branches="206,207" number="204"/>
						<line hits="0" number="206"/>
						<line branch="true" condition-coverage="0% (0/2)" hits="0" missing-branches="209,210" number="207"/>
						<line hits="0" number="209"/>
						<line branch="true" condition-coverage="0% (0/2)" hits="0" missing-branches="212,213" number="210"/>
						<line hits="0" number="212"/>
						<line branch="true" condition-coverage="0% (0/2)" hits="0" missing-branches="215,216" number="213"/>
						<line hits="0" number="215"/>
						<line branch="true" condition-coverage="0% (0/2)" hits="0" missing-branches="219,220" number="216"/>
						<line hits="0" number="219"/>
						<line branch="true" condition-coverage="0% (0/2)" hits="0" missing-branches="222,223" number="220"/>
						<line hits="0" number="222"/>
						<line branch="true" condition-coverage="0% (0/2)" hits="0" missing-branches="225,226" number="223"/>
						<line hits="0" number="225"/>
						<line branch="true" condition-coverage="0% (0/2)" hits="0" missing-branches="228,230" number="226"/>
						<line hits="0" number="228"/>
						<line hits="0" number="230"/>
					</lines>
				</class>
				<class branch-rate="1" complexity="0" filename="agilepy/utils/CustomExceptions.py" line-rate="0.6667" name="CustomExceptions.py">
					<methods/>
					<lines>
						<line hits="1" number="1"/>
						<line hits="1" number="2"/>
						<line hits="0" number="3"/>
						<line hits="1" number="5"/>
						<line hits="1" number="6"/>
						<line hits="0" number="7"/>
						<line hits="1" number="9"/>
						<line hits="1" number="10"/>
						<line hits="0" number="11"/>
						<line hits="1" number="13"/>
						<line hits="1" number="14"/>
						<line hits="0" number="15"/>
						<line hits="1" number="17"/>
						<line hits="1" number="18"/>
						<line hits="0" number="19"/>
						<line hits="1" number="21"/>
						<line hits="1" number="22"/>
						<line hits="0" number="23"/>
						<line hits="1" number="25"/>
						<line hits="1" number="26"/>
						<line hits="0" number="27"/>
						<line hits="1" number="29"/>
						<line hits="1" number="30"/>
						<line hits="0" number="31"/>
						<line hits="1" number="33"/>
						<line hits="1" number="34"/>
						<line hits="0" number="35"/>
						<line hits="1" number="37"/>
						<line hits="1" number="38"/>
						<line hits="0" number="39"/>
						<line hits="1" number="41"/>
						<line hits="1" number="42"/>
						<line hits="0" number="43"/>
						<line hits="1" number="45"/>
						<line hits="1" number="46"/>
						<line hits="0" number="47"/>
						<line hits="1" number="49"/>
						<line hits="1" number="50"/>
						<line hits="0" number="51"/>
						<line hits="1" number="53"/>
						<line hits="1" number="54"/>
						<line hits="0" number="55"/>
						<line hits="1" number="57"/>
						<line hits="1" number="58"/>
[...]
						<line hits="0" number="199"/>
						<line branch="true" condition-coverage="0% (0/2)" hits="0" missing-branches="202,205" number="201"/>
						<line hits="0" number="202"/>
						<line hits="0" number="203"/>
						<line hits="0" number="205"/>
						<line hits="0" number="206"/>
						<line hits="0" number="207"/>
						<line hits="0" number="209"/>
						<line hits="0" number="210"/>
						<line branch="true" condition-coverage="0% (0/2)" hits="0" missing-branches="exit,212" number="211"/>
						<line hits="0" number="212"/>
						<line hits="0" number="213"/>
						<line hits="0" number="215"/>
						<line hits="0" number="217"/>
						<line hits="0" number="218"/>
						<line hits="0" number="219"/>
						<line hits="0" number="220"/>
						<line hits="0" number="222"/>
						<line hits="0" number="223"/>
						<line hits="0" number="224"/>
						<line hits="0" number="225"/>
						<line hits="0" number="226"/>
						<line hits="0" number="227"/>
						<line hits="0" number="229"/>
						<line hits="0" number="230"/>
						<line hits="0" number="231"/>
						<line hits="0" number="232"/>
						<line hits="0" number="233"/>
						<line hits="0" number="234"/>
						<line hits="0" number="235"/>
						<line branch="true" condition-coverage="0% (0/2)" hits="0" missing-branches="246,250" number="245"/>
						<line hits="0" number="246"/>
						<line hits="0" number="247"/>
						<line hits="0" number="248"/>
						<line hits="0" number="250"/>
						<line hits="0" number="252"/>
					</lines>
				</class>
				<class branch-rate="0" complexity="0" filename="agilepy/utils/ProcessWrapper.py" line-rate="0" name="ProcessWrapper.py">
					<methods/>
					<lines>
						<line hits="0" number="28"/>
						<line hits="0" number="29"/>
						<line hits="0" number="30"/>
						<line hits="0" number="31"/>
						<line hits="0" number="33"/>
						<line hits="0" number="35"/>
						<line hits="0" number="37"/>
						<line hits="0" number="39"/>
						<line hits="0" number="40"/>
						<line hits="0" number="41"/>
						<line hits="0" number="42"/>
						<line hits="0" number="43"/>
						<line hits="0" number="44"/>
						<line hits="0" number="45"/>
						<line hits="0" number="47"/>
						<line hits="0" number="52"/>
						<line hits="0" number="54"/>
						<line hits="0" number="56"/>
						<line hits="0" number="58"/>
						<line hits="0" number="59"/>
						<line branch="true" condition-coverage="0% (0/2)" hits="0" missing-branches="61,65" number="60"/>
						<line branch="true" condition-coverage="0% (0/2)" hits="0" missing-branches="60,62" number="61"/>
						<line hits="0" number="62"/>
						<line hits="0" number="63"/>
						<line hits="0" number="64"/>
						<line hits="0" number="65"/>
						<line hits="0" number="68"/>
						<line hits="0" number="70"/>
						<line branch="true" condition-coverage="0% (0/2)" hits="0" missing-branches="73,76" number="72"/>
						<line hits="0" number="73"/>
						<line hits="0" number="74"/>
						<line hits="0" number="76"/>
						<line hits="0" number="79"/>
						<line hits="0" number="80"/>
						<line hits="0" number="82"/>
						<line hits="0" number="83"/>
						<line hits="0" number="86"/>
						<line hits="0" number="87"/>
						<line hits="0" number="90"/>
						<line hits="0" number="91"/>
						<line hits="0" number="93"/>
						<line hits="0" number="95"/>
						<line branch="true" condition-coverage="0% (0/2)" hits="0" missing-branches="97,102" number="96"/>
						<line branch="true" condition-coverage="0% (0/2)" hits="0" missing-branches="98,100" number="97"/>
						<line hits="0" number="98"/>
						<line hits="0" number="100"/>
						<line hits="0" number="102"/>
						<line hits="0" number="105"/>
						<line hits="0" number="107"/>
						<line hits="0" number="109"/>
						<line branch="true" condition-coverage="0% (0/2)" hits="0" missing-branches="112,114" number="111"/>
						<line hits="0" number="112"/>
						<line branch="true" condition-coverage="0% (0/2)" hits="0" missing-branches="115,117" number="114"/>
						<line hits="0" number="115"/>
						<line hits="0" number="117"/>
					</lines>
				</class>
				<class branch-rate="0" complexity="0" filename="agilepy/utils/SourceModel.py" line-rate="0" name="SourceModel.py">
					<methods/>
					<lines>
						<line hits="0" number="29"/>
						<line hits="0" number="30"/>
						<line hits="0" number="31"/>
						<line hits="0" number="32"/>
						<line hits="0" number="33"/>
						<line hits="0" number="38"/>
						<line hits="0" number="39"/>
						<line hits="0" number="40"/>
						<line hits="0" number="41"/>
						<line hits="0" number="42"/>
						<line hits="0" number="44"/>
						<line hits="0" number="45"/>
						<line hits="0" number="46"/>
						<line hits="0" number="48"/>
						<line branch="true" condition-coverage="0% (0/2)" hits="0" missing-branches="50,52" number="49"/>
						<line hits="0" number="50"/>
						<line hits="0" number="52"/>
						<line hits="0" number="54"/>
						<line branch="true" condition-coverage="0% (0/2)" hits="0" missing-branches="57,58" number="56"/>
						<line hits="0" number="57"/>
						<line branch="true" condition-coverage="0% (0/2)" hits="0" missing-branches="59,60" number="58"/>
						<line hits="0" number="59"/>
						<line branch="true" condition-coverage="0% (0/2)" hits="0" missing-branches="61,62" number="60"/>
						<line hits="0" number="61"/>
						<line branch="true" condition-coverage="0% (0/2)" hits="0" missing-branches="63,64" number="62"/>
						<line branch="true" condition-coverage="0% (0/2)" hits="0" missing-branches="exit,exit" number="63"/>
						<line branch="true" condition-coverage="0% (0/2)" hits="0" missing-branches="65,66" number="64"/>
						<line branch="true" condition-coverage="0% (0/2)" hits="0" missing-branches="exit,exit" number="65"/>
						<line branch="true" condition-coverage="0% (0/2)" hits="0" missing-branches="67,68" number="66"/>
						<line branch="true" condition-coverage="0% (0/2)" hits="0" missing-branches="exit,exit" number="67"/>
						<line branch="true" condition-coverage="0% (0/2)" hits="0" missing-branches="69,76" number="68"/>
						<line hits="0" number="69"/>
						<line hits="0" number="70"/>
						<line hits="0" number="71"/>
						<line hits="0" number="72"/>
						<line hits="0" number="73"/>
						<line hits="0" number="74"/>
						<line hits="0" number="76"/>
						<line hits="0" number="78"/>
						<line hits="0" number="79"/>
						<line hits="0" number="80"/>
						<line hits="0" number="82"/>
						<line hits="0" number="83"/>
						<line hits="0" number="85"/>
						<line branch="true" condition-coverage="0% (0/2)" hits="0" missing-branches="exit,87" number="86"/>
						<line hits="0" number="87"/>
						<line hits="0" number="89"/>
						<line hits="0" number="90"/>
						<line hits="0" number="91"/>
						<line hits="0" number="92"/>
						<line hits="0" number="93"/>
						<line hits="0" number="94"/>
						<line hits="0" number="95"/>
						<line hits="0" number="96"/>
						<line hits="0" number="98"/>
						<line hits="0" number="99"/>
						<line hits="0" number="101"/>
						<line branch="true" condition-coverage="0% (0/2)" hits="0" missing-branches="103,105" number="102"/>
						<line hits="0" number="103"/>
						<line hits="0" number="105"/>
						<line hits="0" number="106"/>
						<line hits="0" number="108"/>
						<line branch="true" condition-coverage="0% (0/2)" hits="0" missing-branches="110,111" number="109"/>
						<line hits="0" number="110"/>
						<line branch="true" condition-coverage="0% (0/2)" hits="0" missing-branches="112,113" number="111"/>
						<line hits="0" number="112"/>
						<line branch="true" condition-coverage="0% (0/2)" hits="0" missing-branches="114,115" number="113"/>
						<line hits="0" number="114"/>
						<line branch="true" condition-coverage="0% (0/2)" hits="0" missing-branches="116,117" number="115"/>
						<line hits="0" number="116"/>
						<line branch="true" condition-coverage="0% (0/2)" hits="0" missing-branches="118,119" number="117"/>
						<line hits="0" number="118"/>
						<line branch="true" condition-coverage="0% (0/2)" hits="0" missing-branches="exit,120" number="119"/>
						<line hits="0" number="120"/>
						<line hits="0" number="122"/>
						<line hits="0" number="123"/>
						<line hits="0" number="124"/>
						<line branch="true" condition-coverage="0% (0/2)" hits="0" missing-branches="126,129" number="125"/>
						<line branch="true" condition-coverage="0% (0/2)" hits="0" missing-branches="125,127" number="126"/>
						<line hits="0" number="127"/>
						<line hits="0" number="129"/>
						<line hits="0" number="131"/>
						<line hits="0" number="133"/>
						<line hits="0" number="134"/>
						<line hits="0" number="135"/>
						<line hits="0" number="136"/>
						<line hits="0" number="137"/>
						<line hits="0" number="138"/>
						<line hits="0" number="140"/>
						<line hits="0" number="141"/>
						<line hits="0" number="142"/>
						<line hits="0" number="143"/>
						<line hits="0" number="144"/>
						<line hits="0" number="145"/>
						<line hits="0" number="147"/>
						<line hits="0" number="148"/>
						<line hits="0" number="149"/>
						<line hits="0" number="150"/>
						<line hits="0" number="151"/>
						<line hits="0" number="152"/>
						<line hits="0" number="154"/>
						<line hits="0" number="155"/>
						<line branch="true" condition-coverage="0% (0/2)" hits="0" missing-branches="161,162" number="160"/>
						<line hits="0" number="161"/>
						<line branch="true" condition-coverage="0% (0/2)" hits="0" missing-branches="163,164" number="162"/>
						<line hits="0" number="163"/>
						<line branch="true" condition-coverage="0% (0/2)" hits="0" missing-branches="165,166" number="164"/>
						<line hits="0" number="165"/>
						<line branch="true" condition-coverage="0% (0/2)" hits="0" missing-branches="167,168" number="166"/>
						<line hits="0" number="167"/>
						<line branch="true" condition-coverage="0% (0/2)" hits="0" missing-branches="169,170" number="168"/>
						<line hits="0" number="169"/>
						<line branch="true" condition-coverage="0% (0/2)" hits="0" missing-branches="171,173" number="170"/>
						<line hits="0" number="171"/>
						<line hits="0" number="173"/>
						<line hits="0" number="174"/>
						<line hits="0" number="177"/>
						<line hits="0" number="179"/>
						<line branch="true" condition-coverage="0% (0/2)" hits="0" missing-branches="183,185" number="182"/>
						<line hits="0" number="183"/>
						<line branch="true" condition-coverage="0% (0/2)" hits="0" missing-branches="186,188" number="185"/>
						<line hits="0" number="186"/>
						<line branch="true" condition-coverage="0% (0/2)" hits="0" missing-branches="189,191" number="188"/>
						<line hits="0" number="189"/>
						<line branch="true" condition-coverage="0% (0/2)" hits="0" missing-branches="192,195" number="191"/>
						<line hits="0" number="192"/>
						<line hits="0" number="195"/>
						<line hits="0" number="198"/>
						<line hits="0" number="199"/>
						<line hits="0" number="200"/>
						<line hits="0" number="202"/>
						<line hits="0" number="203"/>
						<line hits="0" number="204"/>
						<line hits="0" number="205"/>
						<line hits="0" number="207"/>
						<line hits="0" number="208"/>
						<line hits="0" number="210"/>
						<line hits="0" number="211"/>
						<line hits="0" number="213"/>
						<line hits="0" number="214"/>
						<line hits="0" number="215"/>
						<line hits="0" number="216"/>
						<line hits="0" number="217"/>
						<line hits="0" number="219"/>
						<line hits="0" number="220"/>
						<line hits="0" number="222"/>
						<line hits="0" number="223"/>
						<line hits="0" number="225"/>
						<line hits="0" number="226"/>
						<line hits="0" number="227"/>
						<line hits="0" number="228"/>
						<line hits="0" number="229"/>
						<line hits="0" number="230"/>
						<line hits="0" number="232"/>
						<line hits="0" number="233"/>
						<line hits="0" number="235"/>
						<line hits="0" number="236"/>
						<line hits="0" number="238"/>
						<line hits="0" number="239"/>
						<line hits="0" number="240"/>
						<line hits="0" number="241"/>
						<line hits="0" number="242"/>
						<line hits="0" number="243"/>
						<line hits="0" number="244"/>
						<line hits="0" number="246"/>
						<line hits="0" number="247"/>
						<line hits="0" number="249"/>
						<line hits="0" number="250"/>
						<line hits="0" number="252"/>
						<line hits="0" number="254"/>
						<line branch="true" condition-coverage="0% (0/2)" hits="0" missing-branches="259,261" number="257"/>
						<line hits="0" number="259"/>
						<line hits="0" number="261"/>
						<line hits="0" number="264"/>
						<line hits="0" number="265"/>
						<line hits="0" number="266"/>
						<line hits="0" number="268"/>
						<line hits="0" number="269"/>
						<line hits="0" number="270"/>
						<line hits="0" number="271"/>
						<line hits="0" number="272"/>
						<line hits="0" number="274"/>
						<line hits="0" number="275"/>
						<line hits="0" number="277"/>
						<line hits="0" number="278"/>
						<line hits="0" number="280"/>
						<line hits="0" number="281"/>
						<line hits="0" number="283"/>
						<line hits="0" number="285"/>
						<line hits="0" number="287"/>
						<line hits="0" number="288"/>
						<line hits="0" number="289"/>
						<line hits="0" number="290"/>
						<line hits="0" number="292"/>
						<line hits="0" number="294"/>
						<line hits="0" number="295"/>
						<line hits="0" number="298"/>
						<line hits="0" number="299"/>
						<line hits="0" number="301"/>
						<line hits="0" number="303"/>
						<line hits="0" number="304"/>
						<line hits="0" number="305"/>
						<line hits="0" number="307"/>
						<line hits="0" number="308"/>
						<line hits="0" number="309"/>
						<line hits="0" number="310"/>
						<line hits="0" number="311"/>
						<line hits="0" number="312"/>
						<line hits="0" number="313"/>
						<line hits="0" number="315"/>
						<line hits="0" number="316"/>
						<line hits="0" number="318"/>
						<line hits="0" number="319"/>
						<line hits="0" number="321"/>
						<line hits="0" number="322"/>
						<line hits="0" number="325"/>
						<line hits="0" number="326"/>
						<line hits="0" number="329"/>
						<line hits="0" number="331"/>
						<line hits="0" number="342"/>
						<line hits="0" number="349"/>
						<line hits="0" number="350"/>
						<line hits="0" number="351"/>
						<line hits="0" number="352"/>
						<line hits="0" number="353"/>
						<line hits="0" number="354"/>
						<line hits="0" number="357"/>
						<line branch="true" condition-coverage="0% (0/2)" hits="0" missing-branches="exit,363" number="360"/>
						<line branch="true" condition-coverage="0% (0/2)" hits="0" missing-branches="exit,365" number="363"/>
						<line hits="0" number="365"/>
						<line hits="0" number="366"/>
						<line branch="true" condition-coverage="0% (0/2)" hits="0" missing-branches="369,371" number="368"/>
						<line hits="0" number="369"/>
						<line hits="0" number="371"/>
						<line hits="0" number="373"/>
						<line branch="true" condition-coverage="0% (0/2)" hits="0" missing-branches="375,378" number="374"/>
						<line hits="0" number="375"/>
						<line hits="0" number="378"/>
						<line branch="true" condition-coverage="0% (0/2)" hits="0" missing-branches="381,410" number="380"/>
						<line hits="0" number="381"/>
						<line hits="0" number="382"/>
						<line hits="0" number="383"/>
						<line hits="0" number="384"/>
						<line hits="0" number="385"/>
						<line hits="0" number="386"/>
						<line branch="true" condition-coverage="0% (0/2)" hits="0" missing-branches="389,410" number="388"/>
						<line hits="0" number="389"/>
						<line hits="0" number="390"/>
						<line hits="0" number="391"/>
						<line hits="0" number="392"/>
						<line hits="0" number="393"/>
						<line hits="0" number="394"/>
						<line hits="0" number="395"/>
						<line hits="0" number="396"/>
						<line hits="0" number="397"/>
						<line hits="0" number="398"/>
						<line hits="0" number="410"/>
						<line hits="0" number="411"/>
						<line hits="0" number="415"/>
						<line branch="true" condition-coverage="0% (0/2)" hits="0" missing-branches="418,420" number="417"/>
						<line hits="0" number="418"/>
						<line branch="true" condition-coverage="0% (0/2)" hits="0" missing-branches="421,426" number="420"/>
						<line branch="true" condition-coverage="0% (0/2)" hits="0" missing-branches="422,424" number="421"/>
						<line hits="0" number="422"/>
						<line hits="0" number="424"/>
						<line branch="true" condition-coverage="0% (0/2)" hits="0" missing-branches="427,432" number="426"/>
						<line branch="true" condition-coverage="0% (0/2)" hits="0" missing-branches="428,430" number="427"/>
						<line hits="0" number="428"/>
						<line hits="0" number="430"/>
						<line branch="true" condition-coverage="0% (0/2)" hits="0" missing-branches="433,436" number="432"/>
						<line hits="0" number="433"/>
						<line hits="0" number="436"/>
						<line hits="0" number="439"/>
						<line branch="true" condition-coverage="0% (0/2)" hits="0" missing-branches="441,443" number="440"/>
						<line hits="0" number="441"/>
						<line hits="0" number="443"/>
						<line hits="0" number="445"/>
						<line hits="0" number="450"/>
						<line branch="true" condition-coverage="0% (0/2)" hits="0" missing-branches="454,475" number="452"/>
						<line branch="true" condition-coverage="0% (0/2)" hits="0" missing-branches="456,458" number="454"/>
						<line hits="0" number="456"/>
						<line branch="true" condition-coverage="0% (0/2)" hits="0" missing-branches="460,462" number="458"/>
						<line hits="0" number="460"/>
						<line branch="true" condition-coverage="0% (0/2)" hits="0" missing-branches="464,466" number="462"/>
						<line hits="0" number="464"/>
						<line branch="true" condition-coverage="0% (0/2)" hits="0" missing-branches="468,471" number="466"/>
						<line hits="0" number="468"/>
						<line hits="0" number="471"/>
						<line hits="0" number="473"/>
						<line hits="0" number="475"/>
						<line hits="0" number="477"/>
						<line hits="0" number="478"/>
						<line hits="0" number="479"/>
						<line branch="true" condition-coverage="0% (0/2)" hits="0" missing-branches="481,484" number="480"/>
						<line branch="true" condition-coverage="0% (0/2)" hits="0" missing-branches="482,486" number="481"/>
						<line hits="0" number="482"/>
						<line branch="true" condition-coverage="0% (0/2)" hits="0" missing-branches="485,486" number="484"/>
						<line hits="0" number="485"/>
						<line hits="0" number="486"/>
						<line hits="0" number="488"/>
						<line hits="0" number="490"/>
						<line hits="0" number="491"/>
						<line hits="0" number="492"/>
						<line hits="0" number="493"/>
						<line hits="0" number="495"/>
						<line hits="0" number="497"/>
						<line branch="true" condition-coverage="0% (0/2)" hits="0" missing-branches="500,503" number="499"/>
						<line hits="0" number="500"/>
						<line hits="0" number="501"/>
						<line branch="true" condition-coverage="0% (0/2)" hits="0" missing-branches="504,506" number="503"/>
						<line hits="0" number="504"/>
						<line hits="0" number="506"/>
						<line hits="0" number="508"/>
						<line hits="0" number="510"/>
					</lines>
				</class>
				<class branch-rate="0" complexity="0" filename="agilepy/utils/Utils.py" line-rate="0.4286" name="Utils.py">
					<methods/>
					<lines>
						<line hits="1" number="29"/>
						<line hits="1" number="30"/>
						<line hits="1" number="31"/>
						<line branch="true" condition-coverage="0% (0/2)" hits="0" missing-branches="33,35" number="32"/>
						<line hits="0" number="33"/>
						<line hits="0" number="35"/>
						<line hits="0" number="36"/>
					</lines>
				</class>
			</classes>
		</package>
	</packages>
</coverage>
